[2025-06-17 08:32:25] [ DEBUG] [cache:45] Couldn't find template in cache for "spark/spark.spa.ftl"("es_AR", UTF-8, parsed); will try to load it.
[2025-06-17 08:32:25] [ DEBUG] [cache:45] TemplateLoader.findTemplateSource("spark/spark.spa_es_AR.ftl"): Not found
[2025-06-17 08:32:25] [ DEBUG] [cache:45] TemplateLoader.findTemplateSource("spark/spark.spa_es.ftl"): Not found
[2025-06-17 08:32:25] [ DEBUG] [cache:45] TemplateLoader.findTemplateSource("spark/spark.spa.ftl"): Found
[2025-06-17 08:32:25] [ DEBUG] [cache:45] Loading template for "spark/spark.spa.ftl"("es_AR", UTF-8, parsed) from "jar:file:/C:/Users/Soporte/.m2/repository/com/aventstack/extentreports/5.0.9/extentreports-5.0.9.jar!/com/aventstack/extentreports/templates/spark/spark.spa.ftl"
[2025-06-17 08:32:26] [ DEBUG] [cache:45] Couldn't find template in cache for "commons/commons-variables.ftl"("es_AR", UTF-8, parsed); will try to load it.
[2025-06-17 08:32:26] [ DEBUG] [cache:45] TemplateLoader.findTemplateSource("commons/commons-variables_es_AR.ftl"): Not found
[2025-06-17 08:32:26] [ DEBUG] [cache:45] TemplateLoader.findTemplateSource("commons/commons-variables_es.ftl"): Not found
[2025-06-17 08:32:26] [ DEBUG] [cache:45] TemplateLoader.findTemplateSource("commons/commons-variables.ftl"): Found
[2025-06-17 08:32:26] [ DEBUG] [cache:45] Loading template for "commons/commons-variables.ftl"("es_AR", UTF-8, parsed) from "jar:file:/C:/Users/Soporte/.m2/repository/com/aventstack/extentreports/5.0.9/extentreports-5.0.9.jar!/com/aventstack/extentreports/templates/commons/commons-variables.ftl"
[2025-06-17 08:32:26] [ DEBUG] [cache:45] Couldn't find template in cache for "commons/commons-macros.ftl"("es_AR", UTF-8, parsed); will try to load it.
[2025-06-17 08:32:26] [ DEBUG] [cache:45] TemplateLoader.findTemplateSource("commons/commons-macros_es_AR.ftl"): Not found
[2025-06-17 08:32:26] [ DEBUG] [cache:45] TemplateLoader.findTemplateSource("commons/commons-macros_es.ftl"): Not found
[2025-06-17 08:32:26] [ DEBUG] [cache:45] TemplateLoader.findTemplateSource("commons/commons-macros.ftl"): Found
[2025-06-17 08:32:26] [ DEBUG] [cache:45] Loading template for "commons/commons-macros.ftl"("es_AR", UTF-8, parsed) from "jar:file:/C:/Users/Soporte/.m2/repository/com/aventstack/extentreports/5.0.9/extentreports-5.0.9.jar!/com/aventstack/extentreports/templates/commons/commons-macros.ftl"
[2025-06-17 08:32:26] [ DEBUG] [cache:45] Couldn't find template in cache for "spark/macros/attributes.ftl"("es_AR", UTF-8, parsed); will try to load it.
[2025-06-17 08:32:26] [ DEBUG] [cache:45] TemplateLoader.findTemplateSource("spark/macros/attributes_es_AR.ftl"): Not found
[2025-06-17 08:32:26] [ DEBUG] [cache:45] TemplateLoader.findTemplateSource("spark/macros/attributes_es.ftl"): Not found
[2025-06-17 08:32:26] [ DEBUG] [cache:45] TemplateLoader.findTemplateSource("spark/macros/attributes.ftl"): Found
[2025-06-17 08:32:26] [ DEBUG] [cache:45] Loading template for "spark/macros/attributes.ftl"("es_AR", UTF-8, parsed) from "jar:file:/C:/Users/Soporte/.m2/repository/com/aventstack/extentreports/5.0.9/extentreports-5.0.9.jar!/com/aventstack/extentreports/templates/spark/macros/attributes.ftl"
[2025-06-17 08:32:26] [ DEBUG] [cache:45] Couldn't find template in cache for "spark/macros/log.ftl"("es_AR", UTF-8, parsed); will try to load it.
[2025-06-17 08:32:26] [ DEBUG] [cache:45] TemplateLoader.findTemplateSource("spark/macros/log_es_AR.ftl"): Not found
[2025-06-17 08:32:26] [ DEBUG] [cache:45] TemplateLoader.findTemplateSource("spark/macros/log_es.ftl"): Not found
[2025-06-17 08:32:26] [ DEBUG] [cache:45] TemplateLoader.findTemplateSource("spark/macros/log.ftl"): Found
[2025-06-17 08:32:26] [ DEBUG] [cache:45] Loading template for "spark/macros/log.ftl"("es_AR", UTF-8, parsed) from "jar:file:/C:/Users/Soporte/.m2/repository/com/aventstack/extentreports/5.0.9/extentreports-5.0.9.jar!/com/aventstack/extentreports/templates/spark/macros/log.ftl"
[2025-06-17 08:32:26] [ DEBUG] [cache:45] Couldn't find template in cache for "spark/macros/recurse_nodes.ftl"("es_AR", UTF-8, parsed); will try to load it.
[2025-06-17 08:32:26] [ DEBUG] [cache:45] TemplateLoader.findTemplateSource("spark/macros/recurse_nodes_es_AR.ftl"): Not found
[2025-06-17 08:32:26] [ DEBUG] [cache:45] TemplateLoader.findTemplateSource("spark/macros/recurse_nodes_es.ftl"): Not found
[2025-06-17 08:32:26] [ DEBUG] [cache:45] TemplateLoader.findTemplateSource("spark/macros/recurse_nodes.ftl"): Found
[2025-06-17 08:32:26] [ DEBUG] [cache:45] Loading template for "spark/macros/recurse_nodes.ftl"("es_AR", UTF-8, parsed) from "jar:file:/C:/Users/Soporte/.m2/repository/com/aventstack/extentreports/5.0.9/extentreports-5.0.9.jar!/com/aventstack/extentreports/templates/spark/macros/recurse_nodes.ftl"
[2025-06-17 08:32:26] [ DEBUG] [cache:45] "spark/macros/log.ftl"("es_AR", UTF-8, parsed) cached copy not yet stale; using cached.
[2025-06-17 08:32:26] [ DEBUG] [cache:45] Couldn't find template in cache for "spark/macros/attr-common.ftl"("es_AR", UTF-8, parsed); will try to load it.
[2025-06-17 08:32:26] [ DEBUG] [cache:45] TemplateLoader.findTemplateSource("spark/macros/attr-common_es_AR.ftl"): Not found
[2025-06-17 08:32:26] [ DEBUG] [cache:45] TemplateLoader.findTemplateSource("spark/macros/attr-common_es.ftl"): Not found
[2025-06-17 08:32:26] [ DEBUG] [cache:45] TemplateLoader.findTemplateSource("spark/macros/attr-common.ftl"): Found
[2025-06-17 08:32:26] [ DEBUG] [cache:45] Loading template for "spark/macros/attr-common.ftl"("es_AR", UTF-8, parsed) from "jar:file:/C:/Users/Soporte/.m2/repository/com/aventstack/extentreports/5.0.9/extentreports-5.0.9.jar!/com/aventstack/extentreports/templates/spark/macros/attr-common.ftl"
[2025-06-17 08:32:26] [ DEBUG] [cache:45] Couldn't find template in cache for "spark/partials/head.ftl"("es_AR", UTF-8, parsed); will try to load it.
[2025-06-17 08:32:26] [ DEBUG] [cache:45] TemplateLoader.findTemplateSource("spark/partials/head_es_AR.ftl"): Not found
[2025-06-17 08:32:26] [ DEBUG] [cache:45] TemplateLoader.findTemplateSource("spark/partials/head_es.ftl"): Not found
[2025-06-17 08:32:26] [ DEBUG] [cache:45] TemplateLoader.findTemplateSource("spark/partials/head.ftl"): Found
[2025-06-17 08:32:26] [ DEBUG] [cache:45] Loading template for "spark/partials/head.ftl"("es_AR", UTF-8, parsed) from "jar:file:/C:/Users/Soporte/.m2/repository/com/aventstack/extentreports/5.0.9/extentreports-5.0.9.jar!/com/aventstack/extentreports/templates/spark/partials/head.ftl"
[2025-06-17 08:32:26] [ DEBUG] [cache:45] Couldn't find template in cache for "commons/commons-inject-css.ftl"("es_AR", UTF-8, parsed); will try to load it.
[2025-06-17 08:32:26] [ DEBUG] [cache:45] TemplateLoader.findTemplateSource("commons/commons-inject-css_es_AR.ftl"): Not found
[2025-06-17 08:32:26] [ DEBUG] [cache:45] TemplateLoader.findTemplateSource("commons/commons-inject-css_es.ftl"): Not found
[2025-06-17 08:32:26] [ DEBUG] [cache:45] TemplateLoader.findTemplateSource("commons/commons-inject-css.ftl"): Found
[2025-06-17 08:32:26] [ DEBUG] [cache:45] Loading template for "commons/commons-inject-css.ftl"("es_AR", UTF-8, parsed) from "jar:file:/C:/Users/Soporte/.m2/repository/com/aventstack/extentreports/5.0.9/extentreports-5.0.9.jar!/com/aventstack/extentreports/templates/commons/commons-inject-css.ftl"
[2025-06-17 08:32:26] [ DEBUG] [cache:45] Couldn't find template in cache for "spark/partials/navbar.ftl"("es_AR", UTF-8, parsed); will try to load it.
[2025-06-17 08:32:26] [ DEBUG] [cache:45] TemplateLoader.findTemplateSource("spark/partials/navbar_es_AR.ftl"): Not found
[2025-06-17 08:32:26] [ DEBUG] [cache:45] TemplateLoader.findTemplateSource("spark/partials/navbar_es.ftl"): Not found
[2025-06-17 08:32:26] [ DEBUG] [cache:45] TemplateLoader.findTemplateSource("spark/partials/navbar.ftl"): Found
[2025-06-17 08:32:26] [ DEBUG] [cache:45] Loading template for "spark/partials/navbar.ftl"("es_AR", UTF-8, parsed) from "jar:file:/C:/Users/Soporte/.m2/repository/com/aventstack/extentreports/5.0.9/extentreports-5.0.9.jar!/com/aventstack/extentreports/templates/spark/partials/navbar.ftl"
[2025-06-17 08:32:26] [ DEBUG] [cache:45] Couldn't find template in cache for "spark/partials/sidenav.ftl"("es_AR", UTF-8, parsed); will try to load it.
[2025-06-17 08:32:26] [ DEBUG] [cache:45] TemplateLoader.findTemplateSource("spark/partials/sidenav_es_AR.ftl"): Not found
[2025-06-17 08:32:26] [ DEBUG] [cache:45] TemplateLoader.findTemplateSource("spark/partials/sidenav_es.ftl"): Not found
[2025-06-17 08:32:26] [ DEBUG] [cache:45] TemplateLoader.findTemplateSource("spark/partials/sidenav.ftl"): Found
[2025-06-17 08:32:26] [ DEBUG] [cache:45] Loading template for "spark/partials/sidenav.ftl"("es_AR", UTF-8, parsed) from "jar:file:/C:/Users/Soporte/.m2/repository/com/aventstack/extentreports/5.0.9/extentreports-5.0.9.jar!/com/aventstack/extentreports/templates/spark/partials/sidenav.ftl"
[2025-06-17 08:32:26] [ DEBUG] [cache:45] Couldn't find template in cache for "spark/partials/test.ftl"("es_AR", UTF-8, parsed); will try to load it.
[2025-06-17 08:32:26] [ DEBUG] [cache:45] TemplateLoader.findTemplateSource("spark/partials/test_es_AR.ftl"): Not found
[2025-06-17 08:32:26] [ DEBUG] [cache:45] TemplateLoader.findTemplateSource("spark/partials/test_es.ftl"): Not found
[2025-06-17 08:32:26] [ DEBUG] [cache:45] TemplateLoader.findTemplateSource("spark/partials/test.ftl"): Found
[2025-06-17 08:32:26] [ DEBUG] [cache:45] Loading template for "spark/partials/test.ftl"("es_AR", UTF-8, parsed) from "jar:file:/C:/Users/Soporte/.m2/repository/com/aventstack/extentreports/5.0.9/extentreports-5.0.9.jar!/com/aventstack/extentreports/templates/spark/partials/test.ftl"
[2025-06-17 08:32:26] [ DEBUG] [cache:45] Couldn't find template in cache for "spark/partials/standard-content.ftl"("es_AR", UTF-8, parsed); will try to load it.
[2025-06-17 08:32:26] [ DEBUG] [cache:45] TemplateLoader.findTemplateSource("spark/partials/standard-content_es_AR.ftl"): Not found
[2025-06-17 08:32:26] [ DEBUG] [cache:45] TemplateLoader.findTemplateSource("spark/partials/standard-content_es.ftl"): Not found
[2025-06-17 08:32:26] [ DEBUG] [cache:45] TemplateLoader.findTemplateSource("spark/partials/standard-content.ftl"): Found
[2025-06-17 08:32:26] [ DEBUG] [cache:45] Loading template for "spark/partials/standard-content.ftl"("es_AR", UTF-8, parsed) from "jar:file:/C:/Users/Soporte/.m2/repository/com/aventstack/extentreports/5.0.9/extentreports-5.0.9.jar!/com/aventstack/extentreports/templates/spark/partials/standard-content.ftl"
[2025-06-17 08:32:26] [ DEBUG] [cache:45] Couldn't find template in cache for "spark/partials/exception.ftl"("es_AR", UTF-8, parsed); will try to load it.
[2025-06-17 08:32:26] [ DEBUG] [cache:45] TemplateLoader.findTemplateSource("spark/partials/exception_es_AR.ftl"): Not found
[2025-06-17 08:32:26] [ DEBUG] [cache:45] TemplateLoader.findTemplateSource("spark/partials/exception_es.ftl"): Not found
[2025-06-17 08:32:26] [ DEBUG] [cache:45] TemplateLoader.findTemplateSource("spark/partials/exception.ftl"): Found
[2025-06-17 08:32:26] [ DEBUG] [cache:45] Loading template for "spark/partials/exception.ftl"("es_AR", UTF-8, parsed) from "jar:file:/C:/Users/Soporte/.m2/repository/com/aventstack/extentreports/5.0.9/extentreports-5.0.9.jar!/com/aventstack/extentreports/templates/spark/partials/exception.ftl"
[2025-06-17 08:32:26] [ DEBUG] [cache:45] Couldn't find template in cache for "spark/partials/category.ftl"("es_AR", UTF-8, parsed); will try to load it.
[2025-06-17 08:32:26] [ DEBUG] [cache:45] TemplateLoader.findTemplateSource("spark/partials/category_es_AR.ftl"): Not found
[2025-06-17 08:32:26] [ DEBUG] [cache:45] TemplateLoader.findTemplateSource("spark/partials/category_es.ftl"): Not found
[2025-06-17 08:32:26] [ DEBUG] [cache:45] TemplateLoader.findTemplateSource("spark/partials/category.ftl"): Found
[2025-06-17 08:32:26] [ DEBUG] [cache:45] Loading template for "spark/partials/category.ftl"("es_AR", UTF-8, parsed) from "jar:file:/C:/Users/Soporte/.m2/repository/com/aventstack/extentreports/5.0.9/extentreports-5.0.9.jar!/com/aventstack/extentreports/templates/spark/partials/category.ftl"
[2025-06-17 08:32:26] [ DEBUG] [cache:45] Couldn't find template in cache for "spark/partials/device.ftl"("es_AR", UTF-8, parsed); will try to load it.
[2025-06-17 08:32:26] [ DEBUG] [cache:45] TemplateLoader.findTemplateSource("spark/partials/device_es_AR.ftl"): Not found
[2025-06-17 08:32:26] [ DEBUG] [cache:45] TemplateLoader.findTemplateSource("spark/partials/device_es.ftl"): Not found
[2025-06-17 08:32:26] [ DEBUG] [cache:45] TemplateLoader.findTemplateSource("spark/partials/device.ftl"): Found
[2025-06-17 08:32:26] [ DEBUG] [cache:45] Loading template for "spark/partials/device.ftl"("es_AR", UTF-8, parsed) from "jar:file:/C:/Users/Soporte/.m2/repository/com/aventstack/extentreports/5.0.9/extentreports-5.0.9.jar!/com/aventstack/extentreports/templates/spark/partials/device.ftl"
[2025-06-17 08:32:26] [ DEBUG] [cache:45] Couldn't find template in cache for "spark/partials/author.ftl"("es_AR", UTF-8, parsed); will try to load it.
[2025-06-17 08:32:26] [ DEBUG] [cache:45] TemplateLoader.findTemplateSource("spark/partials/author_es_AR.ftl"): Not found
[2025-06-17 08:32:26] [ DEBUG] [cache:45] TemplateLoader.findTemplateSource("spark/partials/author_es.ftl"): Not found
[2025-06-17 08:32:26] [ DEBUG] [cache:45] TemplateLoader.findTemplateSource("spark/partials/author.ftl"): Found
[2025-06-17 08:32:26] [ DEBUG] [cache:45] Loading template for "spark/partials/author.ftl"("es_AR", UTF-8, parsed) from "jar:file:/C:/Users/Soporte/.m2/repository/com/aventstack/extentreports/5.0.9/extentreports-5.0.9.jar!/com/aventstack/extentreports/templates/spark/partials/author.ftl"
[2025-06-17 08:32:26] [ DEBUG] [cache:45] Couldn't find template in cache for "spark/partials/log.ftl"("es_AR", UTF-8, parsed); will try to load it.
[2025-06-17 08:32:26] [ DEBUG] [cache:45] TemplateLoader.findTemplateSource("spark/partials/log_es_AR.ftl"): Not found
[2025-06-17 08:32:26] [ DEBUG] [cache:45] TemplateLoader.findTemplateSource("spark/partials/log_es.ftl"): Not found
[2025-06-17 08:32:26] [ DEBUG] [cache:45] TemplateLoader.findTemplateSource("spark/partials/log.ftl"): Found
[2025-06-17 08:32:26] [ DEBUG] [cache:45] Loading template for "spark/partials/log.ftl"("es_AR", UTF-8, parsed) from "jar:file:/C:/Users/Soporte/.m2/repository/com/aventstack/extentreports/5.0.9/extentreports-5.0.9.jar!/com/aventstack/extentreports/templates/spark/partials/log.ftl"
[2025-06-17 08:32:26] [ DEBUG] [cache:45] Couldn't find template in cache for "spark/partials/dashboard.ftl"("es_AR", UTF-8, parsed); will try to load it.
[2025-06-17 08:32:26] [ DEBUG] [cache:45] TemplateLoader.findTemplateSource("spark/partials/dashboard_es_AR.ftl"): Not found
[2025-06-17 08:32:26] [ DEBUG] [cache:45] TemplateLoader.findTemplateSource("spark/partials/dashboard_es.ftl"): Not found
[2025-06-17 08:32:26] [ DEBUG] [cache:45] TemplateLoader.findTemplateSource("spark/partials/dashboard.ftl"): Found
[2025-06-17 08:32:26] [ DEBUG] [cache:45] Loading template for "spark/partials/dashboard.ftl"("es_AR", UTF-8, parsed) from "jar:file:/C:/Users/Soporte/.m2/repository/com/aventstack/extentreports/5.0.9/extentreports-5.0.9.jar!/com/aventstack/extentreports/templates/spark/partials/dashboard.ftl"
[2025-06-17 08:32:26] [ DEBUG] [cache:45] Couldn't find template in cache for "spark/partials/scripts.ftl"("es_AR", UTF-8, parsed); will try to load it.
[2025-06-17 08:32:26] [ DEBUG] [cache:45] TemplateLoader.findTemplateSource("spark/partials/scripts_es_AR.ftl"): Not found
[2025-06-17 08:32:26] [ DEBUG] [cache:45] TemplateLoader.findTemplateSource("spark/partials/scripts_es.ftl"): Not found
[2025-06-17 08:32:26] [ DEBUG] [cache:45] TemplateLoader.findTemplateSource("spark/partials/scripts.ftl"): Found
[2025-06-17 08:32:26] [ DEBUG] [cache:45] Loading template for "spark/partials/scripts.ftl"("es_AR", UTF-8, parsed) from "jar:file:/C:/Users/Soporte/.m2/repository/com/aventstack/extentreports/5.0.9/extentreports-5.0.9.jar!/com/aventstack/extentreports/templates/spark/partials/scripts.ftl"
[2025-06-17 08:32:26] [ DEBUG] [cache:45] Couldn't find template in cache for "commons/commons-inject-js.ftl"("es_AR", UTF-8, parsed); will try to load it.
[2025-06-17 08:32:26] [ DEBUG] [cache:45] TemplateLoader.findTemplateSource("commons/commons-inject-js_es_AR.ftl"): Not found
[2025-06-17 08:32:26] [ DEBUG] [cache:45] TemplateLoader.findTemplateSource("commons/commons-inject-js_es.ftl"): Not found
[2025-06-17 08:32:26] [ DEBUG] [cache:45] TemplateLoader.findTemplateSource("commons/commons-inject-js.ftl"): Found
[2025-06-17 08:32:26] [ DEBUG] [cache:45] Loading template for "commons/commons-inject-js.ftl"("es_AR", UTF-8, parsed) from "jar:file:/C:/Users/Soporte/.m2/repository/com/aventstack/extentreports/5.0.9/extentreports-5.0.9.jar!/com/aventstack/extentreports/templates/commons/commons-inject-js.ftl"
[2025-06-25 15:02:43] [ DEBUG] [cache:45] Couldn't find template in cache for "spark/spark.spa.ftl"("es_AR", UTF-8, parsed); will try to load it.
[2025-06-25 15:02:43] [ DEBUG] [cache:45] TemplateLoader.findTemplateSource("spark/spark.spa_es_AR.ftl"): Not found
[2025-06-25 15:02:43] [ DEBUG] [cache:45] TemplateLoader.findTemplateSource("spark/spark.spa_es.ftl"): Not found
[2025-06-25 15:02:43] [ DEBUG] [cache:45] TemplateLoader.findTemplateSource("spark/spark.spa.ftl"): Found
[2025-06-25 15:02:43] [ DEBUG] [cache:45] Loading template for "spark/spark.spa.ftl"("es_AR", UTF-8, parsed) from "jar:file:/C:/Users/Soporte/.m2/repository/com/aventstack/extentreports/5.0.9/extentreports-5.0.9.jar!/com/aventstack/extentreports/templates/spark/spark.spa.ftl"
[2025-06-25 15:02:43] [ DEBUG] [cache:45] Couldn't find template in cache for "commons/commons-variables.ftl"("es_AR", UTF-8, parsed); will try to load it.
[2025-06-25 15:02:43] [ DEBUG] [cache:45] TemplateLoader.findTemplateSource("commons/commons-variables_es_AR.ftl"): Not found
[2025-06-25 15:02:43] [ DEBUG] [cache:45] TemplateLoader.findTemplateSource("commons/commons-variables_es.ftl"): Not found
[2025-06-25 15:02:43] [ DEBUG] [cache:45] TemplateLoader.findTemplateSource("commons/commons-variables.ftl"): Found
[2025-06-25 15:02:43] [ DEBUG] [cache:45] Loading template for "commons/commons-variables.ftl"("es_AR", UTF-8, parsed) from "jar:file:/C:/Users/Soporte/.m2/repository/com/aventstack/extentreports/5.0.9/extentreports-5.0.9.jar!/com/aventstack/extentreports/templates/commons/commons-variables.ftl"
[2025-06-25 15:02:43] [ DEBUG] [cache:45] Couldn't find template in cache for "commons/commons-macros.ftl"("es_AR", UTF-8, parsed); will try to load it.
[2025-06-25 15:02:43] [ DEBUG] [cache:45] TemplateLoader.findTemplateSource("commons/commons-macros_es_AR.ftl"): Not found
[2025-06-25 15:02:43] [ DEBUG] [cache:45] TemplateLoader.findTemplateSource("commons/commons-macros_es.ftl"): Not found
[2025-06-25 15:02:43] [ DEBUG] [cache:45] TemplateLoader.findTemplateSource("commons/commons-macros.ftl"): Found
[2025-06-25 15:02:43] [ DEBUG] [cache:45] Loading template for "commons/commons-macros.ftl"("es_AR", UTF-8, parsed) from "jar:file:/C:/Users/Soporte/.m2/repository/com/aventstack/extentreports/5.0.9/extentreports-5.0.9.jar!/com/aventstack/extentreports/templates/commons/commons-macros.ftl"
[2025-06-25 15:02:43] [ DEBUG] [cache:45] Couldn't find template in cache for "spark/macros/attributes.ftl"("es_AR", UTF-8, parsed); will try to load it.
[2025-06-25 15:02:43] [ DEBUG] [cache:45] TemplateLoader.findTemplateSource("spark/macros/attributes_es_AR.ftl"): Not found
[2025-06-25 15:02:43] [ DEBUG] [cache:45] TemplateLoader.findTemplateSource("spark/macros/attributes_es.ftl"): Not found
[2025-06-25 15:02:43] [ DEBUG] [cache:45] TemplateLoader.findTemplateSource("spark/macros/attributes.ftl"): Found
[2025-06-25 15:02:43] [ DEBUG] [cache:45] Loading template for "spark/macros/attributes.ftl"("es_AR", UTF-8, parsed) from "jar:file:/C:/Users/Soporte/.m2/repository/com/aventstack/extentreports/5.0.9/extentreports-5.0.9.jar!/com/aventstack/extentreports/templates/spark/macros/attributes.ftl"
[2025-06-25 15:02:43] [ DEBUG] [cache:45] Couldn't find template in cache for "spark/macros/log.ftl"("es_AR", UTF-8, parsed); will try to load it.
[2025-06-25 15:02:43] [ DEBUG] [cache:45] TemplateLoader.findTemplateSource("spark/macros/log_es_AR.ftl"): Not found
[2025-06-25 15:02:43] [ DEBUG] [cache:45] TemplateLoader.findTemplateSource("spark/macros/log_es.ftl"): Not found
[2025-06-25 15:02:43] [ DEBUG] [cache:45] TemplateLoader.findTemplateSource("spark/macros/log.ftl"): Found
[2025-06-25 15:02:43] [ DEBUG] [cache:45] Loading template for "spark/macros/log.ftl"("es_AR", UTF-8, parsed) from "jar:file:/C:/Users/Soporte/.m2/repository/com/aventstack/extentreports/5.0.9/extentreports-5.0.9.jar!/com/aventstack/extentreports/templates/spark/macros/log.ftl"
[2025-06-25 15:02:43] [ DEBUG] [cache:45] Couldn't find template in cache for "spark/macros/recurse_nodes.ftl"("es_AR", UTF-8, parsed); will try to load it.
[2025-06-25 15:02:43] [ DEBUG] [cache:45] TemplateLoader.findTemplateSource("spark/macros/recurse_nodes_es_AR.ftl"): Not found
[2025-06-25 15:02:43] [ DEBUG] [cache:45] TemplateLoader.findTemplateSource("spark/macros/recurse_nodes_es.ftl"): Not found
[2025-06-25 15:02:43] [ DEBUG] [cache:45] TemplateLoader.findTemplateSource("spark/macros/recurse_nodes.ftl"): Found
[2025-06-25 15:02:43] [ DEBUG] [cache:45] Loading template for "spark/macros/recurse_nodes.ftl"("es_AR", UTF-8, parsed) from "jar:file:/C:/Users/Soporte/.m2/repository/com/aventstack/extentreports/5.0.9/extentreports-5.0.9.jar!/com/aventstack/extentreports/templates/spark/macros/recurse_nodes.ftl"
[2025-06-25 15:02:43] [ DEBUG] [cache:45] "spark/macros/log.ftl"("es_AR", UTF-8, parsed) cached copy not yet stale; using cached.
[2025-06-25 15:02:43] [ DEBUG] [cache:45] Couldn't find template in cache for "spark/macros/attr-common.ftl"("es_AR", UTF-8, parsed); will try to load it.
[2025-06-25 15:02:43] [ DEBUG] [cache:45] TemplateLoader.findTemplateSource("spark/macros/attr-common_es_AR.ftl"): Not found
[2025-06-25 15:02:43] [ DEBUG] [cache:45] TemplateLoader.findTemplateSource("spark/macros/attr-common_es.ftl"): Not found
[2025-06-25 15:02:43] [ DEBUG] [cache:45] TemplateLoader.findTemplateSource("spark/macros/attr-common.ftl"): Found
[2025-06-25 15:02:43] [ DEBUG] [cache:45] Loading template for "spark/macros/attr-common.ftl"("es_AR", UTF-8, parsed) from "jar:file:/C:/Users/Soporte/.m2/repository/com/aventstack/extentreports/5.0.9/extentreports-5.0.9.jar!/com/aventstack/extentreports/templates/spark/macros/attr-common.ftl"
[2025-06-25 15:02:43] [ DEBUG] [cache:45] Couldn't find template in cache for "spark/partials/head.ftl"("es_AR", UTF-8, parsed); will try to load it.
[2025-06-25 15:02:43] [ DEBUG] [cache:45] TemplateLoader.findTemplateSource("spark/partials/head_es_AR.ftl"): Not found
[2025-06-25 15:02:43] [ DEBUG] [cache:45] TemplateLoader.findTemplateSource("spark/partials/head_es.ftl"): Not found
[2025-06-25 15:02:43] [ DEBUG] [cache:45] TemplateLoader.findTemplateSource("spark/partials/head.ftl"): Found
[2025-06-25 15:02:43] [ DEBUG] [cache:45] Loading template for "spark/partials/head.ftl"("es_AR", UTF-8, parsed) from "jar:file:/C:/Users/Soporte/.m2/repository/com/aventstack/extentreports/5.0.9/extentreports-5.0.9.jar!/com/aventstack/extentreports/templates/spark/partials/head.ftl"
[2025-06-25 15:02:43] [ DEBUG] [cache:45] Couldn't find template in cache for "commons/commons-inject-css.ftl"("es_AR", UTF-8, parsed); will try to load it.
[2025-06-25 15:02:43] [ DEBUG] [cache:45] TemplateLoader.findTemplateSource("commons/commons-inject-css_es_AR.ftl"): Not found
[2025-06-25 15:02:43] [ DEBUG] [cache:45] TemplateLoader.findTemplateSource("commons/commons-inject-css_es.ftl"): Not found
[2025-06-25 15:02:43] [ DEBUG] [cache:45] TemplateLoader.findTemplateSource("commons/commons-inject-css.ftl"): Found
[2025-06-25 15:02:43] [ DEBUG] [cache:45] Loading template for "commons/commons-inject-css.ftl"("es_AR", UTF-8, parsed) from "jar:file:/C:/Users/Soporte/.m2/repository/com/aventstack/extentreports/5.0.9/extentreports-5.0.9.jar!/com/aventstack/extentreports/templates/commons/commons-inject-css.ftl"
[2025-06-25 15:02:43] [ DEBUG] [cache:45] Couldn't find template in cache for "spark/partials/navbar.ftl"("es_AR", UTF-8, parsed); will try to load it.
[2025-06-25 15:02:43] [ DEBUG] [cache:45] TemplateLoader.findTemplateSource("spark/partials/navbar_es_AR.ftl"): Not found
[2025-06-25 15:02:43] [ DEBUG] [cache:45] TemplateLoader.findTemplateSource("spark/partials/navbar_es.ftl"): Not found
[2025-06-25 15:02:43] [ DEBUG] [cache:45] TemplateLoader.findTemplateSource("spark/partials/navbar.ftl"): Found
[2025-06-25 15:02:43] [ DEBUG] [cache:45] Loading template for "spark/partials/navbar.ftl"("es_AR", UTF-8, parsed) from "jar:file:/C:/Users/Soporte/.m2/repository/com/aventstack/extentreports/5.0.9/extentreports-5.0.9.jar!/com/aventstack/extentreports/templates/spark/partials/navbar.ftl"
[2025-06-25 15:02:43] [ DEBUG] [cache:45] Couldn't find template in cache for "spark/partials/sidenav.ftl"("es_AR", UTF-8, parsed); will try to load it.
[2025-06-25 15:02:43] [ DEBUG] [cache:45] TemplateLoader.findTemplateSource("spark/partials/sidenav_es_AR.ftl"): Not found
[2025-06-25 15:02:43] [ DEBUG] [cache:45] TemplateLoader.findTemplateSource("spark/partials/sidenav_es.ftl"): Not found
[2025-06-25 15:02:43] [ DEBUG] [cache:45] TemplateLoader.findTemplateSource("spark/partials/sidenav.ftl"): Found
[2025-06-25 15:02:43] [ DEBUG] [cache:45] Loading template for "spark/partials/sidenav.ftl"("es_AR", UTF-8, parsed) from "jar:file:/C:/Users/Soporte/.m2/repository/com/aventstack/extentreports/5.0.9/extentreports-5.0.9.jar!/com/aventstack/extentreports/templates/spark/partials/sidenav.ftl"
[2025-06-25 15:02:43] [ DEBUG] [cache:45] Couldn't find template in cache for "spark/partials/test.ftl"("es_AR", UTF-8, parsed); will try to load it.
[2025-06-25 15:02:43] [ DEBUG] [cache:45] TemplateLoader.findTemplateSource("spark/partials/test_es_AR.ftl"): Not found
[2025-06-25 15:02:43] [ DEBUG] [cache:45] TemplateLoader.findTemplateSource("spark/partials/test_es.ftl"): Not found
[2025-06-25 15:02:43] [ DEBUG] [cache:45] TemplateLoader.findTemplateSource("spark/partials/test.ftl"): Found
[2025-06-25 15:02:43] [ DEBUG] [cache:45] Loading template for "spark/partials/test.ftl"("es_AR", UTF-8, parsed) from "jar:file:/C:/Users/Soporte/.m2/repository/com/aventstack/extentreports/5.0.9/extentreports-5.0.9.jar!/com/aventstack/extentreports/templates/spark/partials/test.ftl"
[2025-06-25 15:02:43] [ DEBUG] [cache:45] Couldn't find template in cache for "spark/partials/standard-content.ftl"("es_AR", UTF-8, parsed); will try to load it.
[2025-06-25 15:02:43] [ DEBUG] [cache:45] TemplateLoader.findTemplateSource("spark/partials/standard-content_es_AR.ftl"): Not found
[2025-06-25 15:02:43] [ DEBUG] [cache:45] TemplateLoader.findTemplateSource("spark/partials/standard-content_es.ftl"): Not found
[2025-06-25 15:02:43] [ DEBUG] [cache:45] TemplateLoader.findTemplateSource("spark/partials/standard-content.ftl"): Found
[2025-06-25 15:02:43] [ DEBUG] [cache:45] Loading template for "spark/partials/standard-content.ftl"("es_AR", UTF-8, parsed) from "jar:file:/C:/Users/Soporte/.m2/repository/com/aventstack/extentreports/5.0.9/extentreports-5.0.9.jar!/com/aventstack/extentreports/templates/spark/partials/standard-content.ftl"
[2025-06-25 15:02:43] [ DEBUG] [cache:45] Couldn't find template in cache for "spark/partials/exception.ftl"("es_AR", UTF-8, parsed); will try to load it.
[2025-06-25 15:02:43] [ DEBUG] [cache:45] TemplateLoader.findTemplateSource("spark/partials/exception_es_AR.ftl"): Not found
[2025-06-25 15:02:43] [ DEBUG] [cache:45] TemplateLoader.findTemplateSource("spark/partials/exception_es.ftl"): Not found
[2025-06-25 15:02:43] [ DEBUG] [cache:45] TemplateLoader.findTemplateSource("spark/partials/exception.ftl"): Found
[2025-06-25 15:02:43] [ DEBUG] [cache:45] Loading template for "spark/partials/exception.ftl"("es_AR", UTF-8, parsed) from "jar:file:/C:/Users/Soporte/.m2/repository/com/aventstack/extentreports/5.0.9/extentreports-5.0.9.jar!/com/aventstack/extentreports/templates/spark/partials/exception.ftl"
[2025-06-25 15:02:43] [ DEBUG] [cache:45] Couldn't find template in cache for "spark/partials/category.ftl"("es_AR", UTF-8, parsed); will try to load it.
[2025-06-25 15:02:43] [ DEBUG] [cache:45] TemplateLoader.findTemplateSource("spark/partials/category_es_AR.ftl"): Not found
[2025-06-25 15:02:43] [ DEBUG] [cache:45] TemplateLoader.findTemplateSource("spark/partials/category_es.ftl"): Not found
[2025-06-25 15:02:43] [ DEBUG] [cache:45] TemplateLoader.findTemplateSource("spark/partials/category.ftl"): Found
[2025-06-25 15:02:43] [ DEBUG] [cache:45] Loading template for "spark/partials/category.ftl"("es_AR", UTF-8, parsed) from "jar:file:/C:/Users/Soporte/.m2/repository/com/aventstack/extentreports/5.0.9/extentreports-5.0.9.jar!/com/aventstack/extentreports/templates/spark/partials/category.ftl"
[2025-06-25 15:02:43] [ DEBUG] [cache:45] Couldn't find template in cache for "spark/partials/device.ftl"("es_AR", UTF-8, parsed); will try to load it.
[2025-06-25 15:02:43] [ DEBUG] [cache:45] TemplateLoader.findTemplateSource("spark/partials/device_es_AR.ftl"): Not found
[2025-06-25 15:02:43] [ DEBUG] [cache:45] TemplateLoader.findTemplateSource("spark/partials/device_es.ftl"): Not found
[2025-06-25 15:02:43] [ DEBUG] [cache:45] TemplateLoader.findTemplateSource("spark/partials/device.ftl"): Found
[2025-06-25 15:02:43] [ DEBUG] [cache:45] Loading template for "spark/partials/device.ftl"("es_AR", UTF-8, parsed) from "jar:file:/C:/Users/Soporte/.m2/repository/com/aventstack/extentreports/5.0.9/extentreports-5.0.9.jar!/com/aventstack/extentreports/templates/spark/partials/device.ftl"
[2025-06-25 15:02:43] [ DEBUG] [cache:45] Couldn't find template in cache for "spark/partials/author.ftl"("es_AR", UTF-8, parsed); will try to load it.
[2025-06-25 15:02:43] [ DEBUG] [cache:45] TemplateLoader.findTemplateSource("spark/partials/author_es_AR.ftl"): Not found
[2025-06-25 15:02:43] [ DEBUG] [cache:45] TemplateLoader.findTemplateSource("spark/partials/author_es.ftl"): Not found
[2025-06-25 15:02:43] [ DEBUG] [cache:45] TemplateLoader.findTemplateSource("spark/partials/author.ftl"): Found
[2025-06-25 15:02:43] [ DEBUG] [cache:45] Loading template for "spark/partials/author.ftl"("es_AR", UTF-8, parsed) from "jar:file:/C:/Users/Soporte/.m2/repository/com/aventstack/extentreports/5.0.9/extentreports-5.0.9.jar!/com/aventstack/extentreports/templates/spark/partials/author.ftl"
[2025-06-25 15:02:43] [ DEBUG] [cache:45] Couldn't find template in cache for "spark/partials/log.ftl"("es_AR", UTF-8, parsed); will try to load it.
[2025-06-25 15:02:43] [ DEBUG] [cache:45] TemplateLoader.findTemplateSource("spark/partials/log_es_AR.ftl"): Not found
[2025-06-25 15:02:43] [ DEBUG] [cache:45] TemplateLoader.findTemplateSource("spark/partials/log_es.ftl"): Not found
[2025-06-25 15:02:43] [ DEBUG] [cache:45] TemplateLoader.findTemplateSource("spark/partials/log.ftl"): Found
[2025-06-25 15:02:43] [ DEBUG] [cache:45] Loading template for "spark/partials/log.ftl"("es_AR", UTF-8, parsed) from "jar:file:/C:/Users/Soporte/.m2/repository/com/aventstack/extentreports/5.0.9/extentreports-5.0.9.jar!/com/aventstack/extentreports/templates/spark/partials/log.ftl"
[2025-06-25 15:02:43] [ DEBUG] [cache:45] Couldn't find template in cache for "spark/partials/dashboard.ftl"("es_AR", UTF-8, parsed); will try to load it.
[2025-06-25 15:02:43] [ DEBUG] [cache:45] TemplateLoader.findTemplateSource("spark/partials/dashboard_es_AR.ftl"): Not found
[2025-06-25 15:02:43] [ DEBUG] [cache:45] TemplateLoader.findTemplateSource("spark/partials/dashboard_es.ftl"): Not found
[2025-06-25 15:02:43] [ DEBUG] [cache:45] TemplateLoader.findTemplateSource("spark/partials/dashboard.ftl"): Found
[2025-06-25 15:02:43] [ DEBUG] [cache:45] Loading template for "spark/partials/dashboard.ftl"("es_AR", UTF-8, parsed) from "jar:file:/C:/Users/Soporte/.m2/repository/com/aventstack/extentreports/5.0.9/extentreports-5.0.9.jar!/com/aventstack/extentreports/templates/spark/partials/dashboard.ftl"
[2025-06-25 15:02:43] [ DEBUG] [cache:45] Couldn't find template in cache for "spark/partials/scripts.ftl"("es_AR", UTF-8, parsed); will try to load it.
[2025-06-25 15:02:43] [ DEBUG] [cache:45] TemplateLoader.findTemplateSource("spark/partials/scripts_es_AR.ftl"): Not found
[2025-06-25 15:02:43] [ DEBUG] [cache:45] TemplateLoader.findTemplateSource("spark/partials/scripts_es.ftl"): Not found
[2025-06-25 15:02:43] [ DEBUG] [cache:45] TemplateLoader.findTemplateSource("spark/partials/scripts.ftl"): Found
[2025-06-25 15:02:43] [ DEBUG] [cache:45] Loading template for "spark/partials/scripts.ftl"("es_AR", UTF-8, parsed) from "jar:file:/C:/Users/Soporte/.m2/repository/com/aventstack/extentreports/5.0.9/extentreports-5.0.9.jar!/com/aventstack/extentreports/templates/spark/partials/scripts.ftl"
[2025-06-25 15:02:43] [ DEBUG] [cache:45] Couldn't find template in cache for "commons/commons-inject-js.ftl"("es_AR", UTF-8, parsed); will try to load it.
[2025-06-25 15:02:43] [ DEBUG] [cache:45] TemplateLoader.findTemplateSource("commons/commons-inject-js_es_AR.ftl"): Not found
[2025-06-25 15:02:43] [ DEBUG] [cache:45] TemplateLoader.findTemplateSource("commons/commons-inject-js_es.ftl"): Not found
[2025-06-25 15:02:43] [ DEBUG] [cache:45] TemplateLoader.findTemplateSource("commons/commons-inject-js.ftl"): Found
[2025-06-25 15:02:43] [ DEBUG] [cache:45] Loading template for "commons/commons-inject-js.ftl"("es_AR", UTF-8, parsed) from "jar:file:/C:/Users/Soporte/.m2/repository/com/aventstack/extentreports/5.0.9/extentreports-5.0.9.jar!/com/aventstack/extentreports/templates/commons/commons-inject-js.ftl"
